Arguments: 
  /root/.nvm/versions/node/v16.11.0/bin/node /root/.yarn/bin/yarn.js add node-rcon

PATH: 
  /root/.yarn/bin:/root/.config/yarn/global/node_modules/.bin:/root/.yarn/bin:/root/.config/yarn/global/node_modules/.bin:/root/.nvm/versions/node/v16.11.0/bin:/usr/local/sbin:/usr/local/bin:/usr/sbin:/usr/bin:/sbin:/bin:/usr/games:/usr/local/games:/usr/lib/wsl/lib:/mnt/c/Program Files/Common Files/Oracle/Java/javapath:/mnt/c/Windows/system32:/mnt/c/Windows:/mnt/c/Windows/System32/Wbem:/mnt/c/Windows/System32/WindowsPowerShell/v1.0/:/mnt/c/Windows/System32/OpenSSH/:/mnt/e/Users/Josh/AppData/Roaming/nvm:/mnt/c/Program Files/nodejs:/mnt/c/Program Files/NVIDIA Corporation/NVIDIA NvDLISR:/mnt/c/Program Files (x86)/NVIDIA Corporation/PhysX/Common:/mnt/e/Program Files/java/jre1.8.0_291/bin:/mnt/e/Program Files/java/jre1.8.0_291/:/mnt/c/Program Files/Docker/Docker/resources/bin:/mnt/c/ProgramData/DockerDesktop/version-bin:/mnt/c/Program Files/dotnet/:/mnt/e/Program Files/Git/cmd:/mnt/c/Users/Josh/AppData/Local/Microsoft/WindowsApps:/mnt/c/Users/Josh/AppData/Local/Programs/Microsoft VS Code/bin:/mnt/c/Program Files/JetBrains/IntelliJ IDEA Community Edition 2021.1.3/bin:/mnt/c/Users/Josh/.dotnet/tools:/snap/bin

Yarn version: 
  1.22.15

Node version: 
  16.11.0

Platform: 
  linux x64

Trace: 
  Error: https://registry.yarnpkg.com/node-rcon: Not found
      at Request.params.callback [as _callback] (/root/.yarn/lib/cli.js:67031:18)
      at Request.self.callback (/root/.yarn/lib/cli.js:140885:22)
      at Request.emit (node:events:390:28)
      at Request.<anonymous> (/root/.yarn/lib/cli.js:141857:10)
      at Request.emit (node:events:390:28)
      at IncomingMessage.<anonymous> (/root/.yarn/lib/cli.js:141779:12)
      at Object.onceWrapper (node:events:509:28)
      at IncomingMessage.emit (node:events:402:35)
      at endReadableNT (node:internal/streams/readable:1343:12)
      at processTicksAndRejections (node:internal/process/task_queues:83:21)

npm manifest: 
  {
    "name": "RCONClient",
    "version": "1.0.0",
    "description": "a simple RCON client for minecraft.",
    "main": "./src/index.js",
    "author": "Josh Fangrad",
    "license": "MIT",
    "scripts": {
      "start": "node ./src/index.js"
    },
    "dependencies": {
      "dotenv": "^10.0.0",
      "rcon-srcds": "^2.0.1"
    }
  }

yarn manifest: 
  No manifest

Lockfile: 
  # THIS IS AN AUTOGENERATED FILE. DO NOT EDIT THIS FILE DIRECTLY.
  # yarn lockfile v1
  
  
  dotenv@^10.0.0:
    version "10.0.0"
    resolved "https://registry.yarnpkg.com/dotenv/-/dotenv-10.0.0.tgz#3d4227b8fb95f81096cdd2b66653fb2c7085ba81"
    integrity sha512-rlBi9d8jpv9Sf1klPjNfFAuWDjKLwTIJJ/VxtoTwIR6hnZxcEOQCZg2oIL3MWBYw5GpUDKOEnND7LXTbIpQ03Q==
  
  rcon-srcds@^2.0.1:
    version "2.0.1"
    resolved "https://registry.yarnpkg.com/rcon-srcds/-/rcon-srcds-2.0.1.tgz#c5be81924d3478b020f6b29f8f32edacea070a61"
    integrity sha512-MhfL5DwFM3NHKb5Zf0xjR5mLZfvtvMFGm7lpQwJTn0dmAFMpd6exzn4Xl9Abc2sxwe3QCQYyZ1fanabCmj06vA==
